<?xml version="1.0" encoding="UTF-8"?>
<!-- Generated by org.testng.reporters.JUnitReportReporter -->
<testsuite hostname="TYSS-Chaithra" failures="0" tests="1" name="Practice.Demo" time="0.016" errors="0" timestamp="2022-09-14T20:46:54 IST" skipped="0">
  <testcase classname="Practice.Demo" name="demoTest" time="0.016"/>
  <system-out/>
</testsuite> <!-- Practice.Demo -->
