<?xml version="1.0" encoding="UTF-8"?>
<!-- Generated by org.testng.reporters.JUnitReportReporter -->
<testsuite hostname="TYSS-Chaithra" failures="0" tests="1" name="Practice.ContactTest" time="0.012" errors="0" timestamp="2022-09-19T20:42:59 IST" skipped="0">
  <testcase classname="Practice.ContactTest" name="contact" time="0.012"/>
  <system-out/>
</testsuite> <!-- Practice.ContactTest -->
