<?xml version="1.0" encoding="UTF-8"?>
<!-- Generated by org.testng.reporters.JUnitReportReporter -->
<testsuite hostname="TYSS-Chaithra" failures="0" tests="2" name="Practice.DemoTest" time="0.009" errors="0" timestamp="2022-09-15T19:25:10 IST" skipped="0">
  <testcase classname="Practice.DemoTest" name="demoRegression" time="0.008"/>
  <system-out/>
  <testcase classname="Practice.DemoTest" name="demoTest" time="0.001"/>
  <system-out/>
</testsuite> <!-- Practice.DemoTest -->
