<?xml version="1.0" encoding="UTF-8"?>
<!-- Generated by org.testng.reporters.JUnitReportReporter -->
<testsuite hostname="TYSS-Chaithra" failures="0" tests="1" name="Practice.ContactTest" time="0.006" errors="0" timestamp="2022-09-20T19:41:13 IST" skipped="0">
  <testcase classname="Practice.ContactTest" name="contact" time="0.006"/>
  <system-out/>
</testsuite> <!-- Practice.ContactTest -->
