<?xml version="1.0" encoding="UTF-8"?>
<!-- Generated by org.testng.reporters.JUnitReportReporter -->
<testsuite hostname="TYSS-Chaithra" failures="0" tests="1" name="Practice.SampleTest" time="0.002" errors="0" timestamp="2022-09-14T20:46:54 IST" skipped="0">
  <testcase classname="Practice.SampleTest" name="sampleTest" time="0.002"/>
  <system-out/>
</testsuite> <!-- Practice.SampleTest -->
